#
# A fatal error has been detected by the Java Runtime Environment:
#
#  SIGSEGV (0xb) at pc=0x00000001118f31df, pid=58954, tid=0x0000000000004b03
#
# JRE version: Java(TM) SE Runtime Environment (8.0_201-b09) (build 1.8.0_201-b09)
# Java VM: Java HotSpot(TM) 64-Bit Server VM (25.201-b09 mixed mode bsd-amd64 compressed oops)
# Problematic frame:
# V  [libjvm.dylib+0x2f31df]
#
# Failed to write core dump. Core dumps have been disabled. To enable core dumping, try "ulimit -c unlimited" before starting Java again
#
# If you would like to submit a bug report, please visit:
#   http://bugreport.java.com/bugreport/crash.jsp
#

---------------  T H R E A D  ---------------

Current thread (0x00007f92f4811800):  VMThread [stack: 0x000070000318c000,0x000070000328c000] [id=19203]

siginfo: si_signo: 11 (SIGSEGV), si_code: 1 (SEGV_MAPERR), si_addr: 0x0000000000000040

Registers:
RAX=0x0000000000000040, RBX=0x00000007c004fcc8, RCX=0x0000000000000000, RDX=0x0000000000000000
RSP=0x000070000328b480, RBP=0x000070000328b480, RSI=0x000070000328b510, RDI=0x0000000000000000
R8 =0x0000000000000000, R9 =0x0000000000001285, R10=0x1700000000000000, R11=0xffff900114304ca9
R12=0x000000000000000c, R13=0x0000000000000000, R14=0x000070000328b720, R15=0x00000007c004fcc8
RIP=0x00000001118f31df, EFLAGS=0x0000000000010202, ERR=0x0000000000000004
  TRAPNO=0x000000000000000e

Top of Stack: (sp=0x000070000328b480)
0x000070000328b480:   000070000328b560 00000001118a61b7
0x000070000328b490:   8512000010000000 0000200024000000
0x000070000328b4a0:   000070000328b720 0000000000000003
0x000070000328b4b0:   000070000328b4e0 00000001118a40b1
0x000070000328b4c0:   0000000000000000 0000000000000003
0x000070000328b4d0:   0000000000000003 0000000000000003
0x000070000328b4e0:   0000700001000000 00000001118a4fdc
0x000070000328b4f0:   000070000328b520 00000017119b20fc
0x000070000328b500:   289ae8bf07000000 000000000000b690
0x000070000328b510:   0000000000000000 0000000000000000
0x000070000328b520:   0000000000000000 5801fabf07000000
0x000070000328b530:   0000000000000000 00007f92f150d8a0
0x000070000328b540:   000000000000000c 0000000000000000
0x000070000328b550:   00000001118a501a 00000007c004fcc8
0x000070000328b560:   000070000328b590 000000011178e912
0x000070000328b570:   000000000000000c 000070000328b690
0x000070000328b580:   00000001118a49bc 00007f92f16061b0
0x000070000328b590:   000070000328b680 00000001118a3b99
0x000070000328b5a0:   000070000328b5e0 0000000111a89566
0x000070000328b5b0:   0000000000000000 0000000000000640
0x000070000328b5c0:   000000000000000c 0000000000000000
0x000070000328b5d0:   0000000000000007 0000000000000640
0x000070000328b5e0:   000070000328b630 000000011189e62d
0x000070000328b5f0:   0000000000000000 0000000000000000
0x000070000328b600:   0000000000000000 0000000000000000
0x000070000328b610:   0000000111ed9790 000070000328b720
0x000070000328b620:   00007f92f4811800 00007f92f3a08d20
0x000070000328b630:   00007f92f3a08d60 00007f92f3a08d70
0x000070000328b640:   00007f92f3a08e48 00000000000000d8
0x000070000328b650:   000070000328be68 00000001118a6c82
0x000070000328b660:   bb2950e971010000 08000000f16061b0
0x000070000328b670:   00007f92f16061b0 000070000328b770 

Instructions: (pc=0x00000001118f31df)
0x00000001118f31bf:   04 07 5d c3 31 c0 5d c3 90 55 48 89 e5 48 8d 05
0x00000001118f31cf:   3d ed 5f 00 80 38 00 48 63 05 53 f7 5f 00 74 1e
0x00000001118f31df:   8b 04 07 48 85 c0 75 04 31 c0 eb 16 48 8d 15 5e
0x00000001118f31ef:   4d 55 00 8a 4a 08 48 d3 e0 48 03 02 eb 04 48 8b 

Register to memory mapping:

RAX=0x0000000000000040 is an unknown value
RBX=0x00000007c004fcc8 is pointing into metadata
RCX=0x0000000000000000 is an unknown value
RDX=0x0000000000000000 is an unknown value
RSP=0x000070000328b480 is an unknown value
RBP=0x000070000328b480 is an unknown value
RSI=0x000070000328b510 is an unknown value
RDI=0x0000000000000000 is an unknown value
R8 =0x0000000000000000 is an unknown value
R9 =0x0000000000001285 is an unknown value
R10=0x1700000000000000 is an unknown value
R11=0xffff900114304ca9 is an unknown value
R12=0x000000000000000c is an unknown value
R13=0x0000000000000000 is an unknown value
R14=0x000070000328b720 is an unknown value
R15=0x00000007c004fcc8 is pointing into metadata


Stack: [0x000070000318c000,0x000070000328c000],  sp=0x000070000328b480,  free space=1021k
Native frames: (J=compiled Java code, j=interpreted, Vv=VM code, C=native code)
V  [libjvm.dylib+0x2f31df]
V  [libjvm.dylib+0x2a61b7]
V  [libjvm.dylib+0x18e912]
V  [libjvm.dylib+0x2a3b99]
V  [libjvm.dylib+0x2a65d7]
V  [libjvm.dylib+0x2a6863]
V  [libjvm.dylib+0x19f65c]
V  [libjvm.dylib+0x4ca1e8]
V  [libjvm.dylib+0x4ceb14]
V  [libjvm.dylib+0x4a17b1]
V  [libjvm.dylib+0x5b7e00]
V  [libjvm.dylib+0x5be6ad]
V  [libjvm.dylib+0x5bcc45]
V  [libjvm.dylib+0x5bd092]
V  [libjvm.dylib+0x5bc9b1]
V  [libjvm.dylib+0x48f3ca]
C  [libsystem_pthread.dylib+0x6109]  _pthread_start+0x94
C  [libsystem_pthread.dylib+0x1b8b]  thread_start+0xf

VM_Operation (0x000070000276a568): ParallelGCFailedAllocation, mode: safepoint, requested by thread 0x00007f92f300b000


---------------  P R O C E S S  ---------------

Java Threads: ( => current thread )
  0x00007f92f2833000 JavaThread "Service Thread" daemon [_thread_blocked, id=43011, stack(0x0000700003bad000,0x0000700003cad000)]
  0x00007f92f2079000 JavaThread "C1 CompilerThread3" daemon [_thread_blocked, id=21763, stack(0x0000700003aaa000,0x0000700003baa000)]
  0x00007f92f2078800 JavaThread "C2 CompilerThread2" daemon [_thread_blocked, id=16899, stack(0x00007000039a7000,0x0000700003aa7000)]
  0x00007f92f1827000 JavaThread "C2 CompilerThread1" daemon [_thread_blocked, id=16387, stack(0x00007000038a4000,0x00007000039a4000)]
  0x00007f92f309e000 JavaThread "C2 CompilerThread0" daemon [_thread_blocked, id=16131, stack(0x00007000037a1000,0x00007000038a1000)]
  0x00007f92f309b800 JavaThread "Monitor Ctrl-Break" daemon [_thread_blocked, id=17667, stack(0x000070000369e000,0x000070000379e000)]
  0x00007f92f280a000 JavaThread "Signal Dispatcher" daemon [_thread_blocked, id=15619, stack(0x000070000359b000,0x000070000369b000)]
  0x00007f92f203a000 JavaThread "Finalizer" daemon [_thread_blocked, id=12547, stack(0x0000700003392000,0x0000700003492000)]
  0x00007f92f301f800 JavaThread "Reference Handler" daemon [_thread_blocked, id=12291, stack(0x000070000328f000,0x000070000338f000)]
  0x00007f92f300b000 JavaThread "main" [_thread_blocked, id=4099, stack(0x000070000266b000,0x000070000276b000)]

Other Threads:
=>0x00007f92f4811800 VMThread [stack: 0x000070000318c000,0x000070000328c000] [id=19203]
  0x00007f92f302b000 WatcherThread [stack: 0x0000700003cb0000,0x0000700003db0000] [id=42755]

VM state:at safepoint (normal execution)

VM Mutex/Monitor currently owned by a thread:  ([mutex/lock_event])
[0x00007f92f1607e40] Threads_lock - owner thread: 0x00007f92f4811800
[0x00007f92f1608340] Heap_lock - owner thread: 0x00007f92f300b000

heap address: 0x00000007bfe00000, size: 2 MB, Compressed Oops mode: Zero based, Oop shift amount: 3
Narrow klass base: 0x0000000000000000, Narrow klass shift: 3
Compressed class space size: 1073741824 Address: 0x00000007c0000000

Heap:
 PSYoungGen      total 1024K, used 512K [0x00000007bfe80000, 0x00000007c0000000, 0x00000007c0000000)
  eden space 512K, 100% used [0x00000007bfe80000,0x00000007bff00000,0x00000007bff00000)
  from space 512K, 0% used [0x00000007bff00000,0x00000007bff00000,0x00000007bff80000)
  to   space 512K, 87% used [0x00000007bff80000,0x00000007bffefe58,0x00000007c0000000)
 ParOldGen       total 512K, used 489K [0x00000007bfe00000, 0x00000007bfe80000, 0x00000007bfe80000)
  object space 512K, 95% used [0x00000007bfe00000,0x00000007bfe7a730,0x00000007bfe80000)
 Metaspace       used 2947K, capacity 4496K, committed 4864K, reserved 1056768K
  class space    used 322K, capacity 388K, committed 512K, reserved 1048576K

Card table byte_map: [0x000000010fdfe000,0x000000010fe00000] byte_map_base: 0x000000010bfff000

Marking Bits: (ParMarkBitMap*) 0x0000000111efbe40
 Begin Bits: [0x0000000112a63000, 0x0000000112a6b000)
 End Bits:   [0x0000000112a6b000, 0x0000000112a73000)

Polling page: 0x000000010fdfb000

CodeCache: size=245760Kb used=1134Kb max_used=1142Kb free=244625Kb
 bounds [0x00000001186bc000, 0x000000011892c000, 0x00000001276bc000]
 total_blobs=278 nmethods=35 adapters=155
 compilation: enabled

Compilation events (10 events):
Event: 0.163 Thread 0x00007f92f2079000 nmethod 32 0x00000001187d2dd0 code [0x00000001187d2f40, 0x00000001187d30a8]
Event: 0.163 Thread 0x00007f92f2079000   33       3       java.lang.Integer::toString (48 bytes)
Event: 0.164 Thread 0x00007f92f2079000 nmethod 33 0x00000001187d3150 code [0x00000001187d3320, 0x00000001187d3968]
Event: 0.164 Thread 0x00007f92f309e000   34       4       java.lang.Integer::getChars (131 bytes)
Event: 0.164 Thread 0x00007f92f1827000   35       4       java.util.ArrayList::add (29 bytes)
Event: 0.164 Thread 0x00007f92f2078800   36       4       java.lang.String::valueOf (5 bytes)
Event: 0.248 Thread 0x00007f92f1827000 nmethod 35 0x00000001187d7f90 code [0x00000001187d8100, 0x00000001187d82a8]
Event: 0.274 Thread 0x00007f92f309e000 nmethod 34 0x00000001187d4f10 code [0x00000001187d5060, 0x00000001187d53b8]
Event: 0.274 Thread 0x00007f92f1827000   38 %     4       java.lang.Integer::stringSize @ 2 (21 bytes)
Event: 0.274 Thread 0x00007f92f309e000   37       4       java.lang.Integer::toString (48 bytes)

GC Heap History (10 events):
Event: 0.164 GC heap before
{Heap before GC invocations=4 (full 0):
 PSYoungGen      total 1024K, used 1024K [0x00000007bfe80000, 0x00000007c0000000, 0x00000007c0000000)
  eden space 512K, 100% used [0x00000007bfe80000,0x00000007bff00000,0x00000007bff00000)
  from space 512K, 100% used [0x00000007bff00000,0x00000007bff80000,0x00000007bff80000)
  to   space 512K, 0% used [0x00000007bff80000,0x00000007bff80000,0x00000007c0000000)
 ParOldGen       total 512K, used 116K [0x00000007bfe00000, 0x00000007bfe80000, 0x00000007bfe80000)
  object space 512K, 22% used [0x00000007bfe00000,0x00000007bfe1d010,0x00000007bfe80000)
 Metaspace       used 2937K, capacity 4496K, committed 4864K, reserved 1056768K
  class space    used 320K, capacity 388K, committed 512K, reserved 1048576K
Event: 0.165 GC heap after
Heap after GC invocations=4 (full 0):
 PSYoungGen      total 1024K, used 1024K [0x00000007bfe80000, 0x00000007c0000000, 0x00000007c0000000)
  eden space 512K, 100% used [0x00000007bfe80000,0x00000007bff00000,0x00000007bff00000)
  from space 512K, 100% used [0x00000007bff00000,0x00000007bff80000,0x00000007bff80000)
  to   space 512K, 98% used [0x00000007bff80000,0x00000007bfffdba8,0x00000007c0000000)
 ParOldGen       total 512K, used 508K [0x00000007bfe00000, 0x00000007bfe80000, 0x00000007bfe80000)
  object space 512K, 99% used [0x00000007bfe00000,0x00000007bfe7f010,0x00000007bfe80000)
 Metaspace       used 2937K, capacity 4496K, committed 4864K, reserved 1056768K
  class space    used 320K, capacity 388K, committed 512K, reserved 1048576K
}
Event: 0.178 GC heap before
{Heap before GC invocations=5 (full 1):
 PSYoungGen      total 1024K, used 1024K [0x00000007bfe80000, 0x00000007c0000000, 0x00000007c0000000)
  eden space 512K, 100% used [0x00000007bfe80000,0x00000007bff00000,0x00000007bff00000)
  from space 512K, 100% used [0x00000007bff00000,0x00000007bff80000,0x00000007bff80000)
  to   space 512K, 98% used [0x00000007bff80000,0x00000007bfffdba8,0x00000007c0000000)
 ParOldGen       total 512K, used 508K [0x00000007bfe00000, 0x00000007bfe80000, 0x00000007bfe80000)
  object space 512K, 99% used [0x00000007bfe00000,0x00000007bfe7f010,0x00000007bfe80000)
 Metaspace       used 2937K, capacity 4496K, committed 4864K, reserved 1056768K
  class space    used 320K, capacity 388K, committed 512K, reserved 1048576K
Event: 0.185 GC heap after
Heap after GC invocations=5 (full 1):
 PSYoungGen      total 1024K, used 0K [0x00000007bfe80000, 0x00000007c0000000, 0x00000007c0000000)
  eden space 512K, 0% used [0x00000007bfe80000,0x00000007bfe80000,0x00000007bff00000)
  from space 512K, 0% used [0x00000007bff00000,0x00000007bff00000,0x00000007bff80000)
  to   space 512K, 98% used [0x00000007bff80000,0x00000007bfffda00,0x00000007c0000000)
 ParOldGen       total 512K, used 484K [0x00000007bfe00000, 0x00000007bfe80000, 0x00000007bfe80000)
  object space 512K, 94% used [0x00000007bfe00000,0x00000007bfe79028,0x00000007bfe80000)
 Metaspace       used 2937K, capacity 4496K, committed 4864K, reserved 1056768K
  class space    used 320K, capacity 388K, committed 512K, reserved 1048576K
}
Event: 0.203 GC heap before
{Heap before GC invocations=6 (full 2):
 PSYoungGen      total 1024K, used 512K [0x00000007bfe80000, 0x00000007c0000000, 0x00000007c0000000)
  eden space 512K, 100% used [0x00000007bfe80000,0x00000007bff00000,0x00000007bff00000)
  from space 512K, 0% used [0x00000007bff00000,0x00000007bff00000,0x00000007bff80000)
  to   space 512K, 98% used [0x00000007bff80000,0x00000007bfffda00,0x00000007c0000000)
 ParOldGen       total 512K, used 484K [0x00000007bfe00000, 0x00000007bfe80000, 0x00000007bfe80000)
  object space 512K, 94% used [0x00000007bfe00000,0x00000007bfe79028,0x00000007bfe80000)
 Metaspace       used 2941K, capacity 4496K, committed 4864K, reserved 1056768K
  class space    used 321K, capacity 388K, committed 512K, reserved 1048576K
Event: 0.212 GC heap after
Heap after GC invocations=6 (full 2):
 PSYoungGen      total 1024K, used 495K [0x00000007bfe80000, 0x00000007c0000000, 0x00000007c0000000)
  eden space 512K, 96% used [0x00000007bfe80000,0x00000007bfefbc30,0x00000007bff00000)
  from space 512K, 0% used [0x00000007bff00000,0x00000007bff00000,0x00000007bff80000)
  to   space 512K, 87% used [0x00000007bff80000,0x00000007bffefe58,0x00000007c0000000)
 ParOldGen       total 512K, used 483K [0x00000007bfe00000, 0x00000007bfe80000, 0x00000007bfe80000)
  object space 512K, 94% used [0x00000007bfe00000,0x00000007bfe78cf0,0x00000007bfe80000)
 Metaspace       used 2941K, capacity 4496K, committed 4864K, reserved 1056768K
  class space    used 321K, capacity 388K, committed 512K, reserved 1048576K
}
Event: 0.230 GC heap before
{Heap before GC invocations=7 (full 3):
 PSYoungGen      total 1024K, used 512K [0x00000007bfe80000, 0x00000007c0000000, 0x00000007c0000000)
  eden space 512K, 100% used [0x00000007bfe80000,0x00000007bff00000,0x00000007bff00000)
  from space 512K, 0% used [0x00000007bff00000,0x00000007bff00000,0x00000007bff80000)
  to   space 512K, 87% used [0x00000007bff80000,0x00000007bffefe58,0x00000007c0000000)
 ParOldGen       total 512K, used 483K [0x00000007bfe00000, 0x00000007bfe80000, 0x00000007bfe80000)
  object space 512K, 94% used [0x00000007bfe00000,0x00000007bfe78cf0,0x00000007bfe80000)
 Metaspace       used 2941K, capacity 4496K, committed 4864K, reserved 1056768K
  class space    used 321K, capacity 388K, committed 512K, reserved 1048576K
Event: 0.238 GC heap after
Heap after GC invocations=7 (full 3):
 PSYoungGen      total 1024K, used 511K [0x00000007bfe80000, 0x00000007c0000000, 0x00000007c0000000)
  eden space 512K, 99% used [0x00000007bfe80000,0x00000007bfefffc8,0x00000007bff00000)
  from space 512K, 0% used [0x00000007bff00000,0x00000007bff00000,0x00000007bff80000)
  to   space 512K, 87% used [0x00000007bff80000,0x00000007bffefe58,0x00000007c0000000)
 ParOldGen       total 512K, used 483K [0x00000007bfe00000, 0x00000007bfe80000, 0x00000007bfe80000)
  object space 512K, 94% used [0x00000007bfe00000,0x00000007bfe78cf0,0x00000007bfe80000)
 Metaspace       used 2941K, capacity 4496K, committed 4864K, reserved 1056768K
  class space    used 321K, capacity 388K, committed 512K, reserved 1048576K
}
Event: 0.257 GC heap before
{Heap before GC invocations=8 (full 4):
 PSYoungGen      total 1024K, used 512K [0x00000007bfe80000, 0x00000007c0000000, 0x00000007c0000000)
  eden space 512K, 100% used [0x00000007bfe80000,0x00000007bff00000,0x00000007bff00000)
  from space 512K, 0% used [0x00000007bff00000,0x00000007bff00000,0x00000007bff80000)
  to   space 512K, 87% used [0x00000007bff80000,0x00000007bffefe58,0x00000007c0000000)
 ParOldGen       total 512K, used 483K [0x00000007bfe00000, 0x00000007bfe80000, 0x00000007bfe80000)
  object space 512K, 94% used [0x00000007bfe00000,0x00000007bfe78cf0,0x00000007bfe80000)
 Metaspace       used 2941K, capacity 4496K, committed 4864K, reserved 1056768K
  class space    used 321K, capacity 388K, committed 512K, reserved 1048576K
Event: 0.264 GC heap after
Heap after GC invocations=8 (full 4):
 PSYoungGen      total 1024K, used 512K [0x00000007bfe80000, 0x00000007c0000000, 0x00000007c0000000)
  eden space 512K, 100% used [0x00000007bfe80000,0x00000007bff00000,0x00000007bff00000)
  from space 512K, 0% used [0x00000007bff00000,0x00000007bff00000,0x00000007bff80000)
  to   space 512K, 87% used [0x00000007bff80000,0x00000007bffefe58,0x00000007c0000000)
 ParOldGen       total 512K, used 483K [0x00000007bfe00000, 0x00000007bfe80000, 0x00000007bfe80000)
  object space 512K, 94% used [0x00000007bfe00000,0x00000007bfe78cf0,0x00000007bfe80000)
 Metaspace       used 2941K, capacity 4496K, committed 4864K, reserved 1056768K
  class space    used 321K, capacity 388K, committed 512K, reserved 1048576K
}

Deoptimization events (0 events):
No events

Classes redefined (0 events):
No events

Internal exceptions (2 events):
Event: 0.061 Thread 0x00007f92f300b000 Exception <a 'java/lang/NoSuchMethodError': Method sun.misc.Unsafe.defineClass(Ljava/lang/String;[BII)Ljava/lang/Class; name or signature does not match> (0x00000007bfe87dc0) thrown at [/Users/java_re/workspace/8-2-build-macosx-x86_64/jdk8u201/12322/hotsp
Event: 0.061 Thread 0x00007f92f300b000 Exception <a 'java/lang/NoSuchMethodError': Method sun.misc.Unsafe.prefetchRead(Ljava/lang/Object;J)V name or signature does not match> (0x00000007bfe880a8) thrown at [/Users/java_re/workspace/8-2-build-macosx-x86_64/jdk8u201/12322/hotspot/src/share/vm/pr

Events (10 events):
Event: 0.193 loading class java/net/ProxySelector
Event: 0.193 loading class java/net/ProxySelector done
Event: 0.193 loading class sun/net/spi/DefaultProxySelector
Event: 0.193 Executing VM operation: ParallelGCFailedAllocation
Event: 0.221 Executing VM operation: ParallelGCFailedAllocation done
Event: 0.221 Executing VM operation: ParallelGCFailedAllocation
Event: 0.247 Executing VM operation: ParallelGCFailedAllocation done
Event: 0.248 Executing VM operation: ParallelGCFailedAllocation
Event: 0.274 Executing VM operation: ParallelGCFailedAllocation done
Event: 0.274 Executing VM operation: ParallelGCFailedAllocation


Dynamic libraries:
0x00007fff38dbe000 	/System/Library/Frameworks/Cocoa.framework/Versions/A/Cocoa
0x00007fff4659b000 	/System/Library/Frameworks/Security.framework/Versions/A/Security
0x00007fff37d28000 	/System/Library/Frameworks/ApplicationServices.framework/Versions/A/ApplicationServices
0x00007fff73145000 	/usr/lib/libz.1.dylib
0x00007fff70c09000 	/usr/lib/libSystem.B.dylib
0x00007fff72a69000 	/usr/lib/libobjc.A.dylib
0x00007fff39c59000 	/System/Library/Frameworks/CoreFoundation.framework/Versions/A/CoreFoundation
0x00007fff3c30f000 	/System/Library/Frameworks/Foundation.framework/Versions/C/Foundation
0x00007fff36f19000 	/System/Library/Frameworks/AppKit.framework/Versions/C/AppKit
0x00007fff39742000 	/System/Library/Frameworks/CoreData.framework/Versions/A/CoreData
0x00007fff6ac2a000 	/System/Library/PrivateFrameworks/UIFoundation.framework/Versions/A/UIFoundation
0x00007fff65cd8000 	/System/Library/PrivateFrameworks/RemoteViewServices.framework/Versions/A/RemoteViewServices
0x00007fff6d77e000 	/System/Library/PrivateFrameworks/XCTTargetBootstrap.framework/Versions/A/XCTTargetBootstrap
0x00007fff39b2d000 	/System/Library/Frameworks/CoreDisplay.framework/Versions/A/CoreDisplay
0x00007fff3f1c8000 	/System/Library/Frameworks/Metal.framework/Versions/A/Metal
0x00007fff53d31000 	/System/Library/PrivateFrameworks/DesktopServicesPriv.framework/Versions/A/DesktopServicesPriv
0x00007fff71d46000 	/usr/lib/liblangid.dylib
0x00007fff52fca000 	/System/Library/PrivateFrameworks/CoreSVG.framework/Versions/A/CoreSVG
0x00007fff68e2e000 	/System/Library/PrivateFrameworks/SkyLight.framework/Versions/A/SkyLight
0x00007fff3a0da000 	/System/Library/Frameworks/CoreGraphics.framework/Versions/A/CoreGraphics
0x00007fff358ed000 	/System/Library/Frameworks/Accelerate.framework/Versions/A/Accelerate
0x00007fff73036000 	/usr/lib/libxml2.2.dylib
0x00007fff5ec8a000 	/System/Library/PrivateFrameworks/IconServices.framework/Versions/A/IconServices
0x00007fff3caee000 	/System/Library/Frameworks/IOSurface.framework/Versions/A/IOSurface
0x00007fff70733000 	/usr/lib/libDiagnosticMessagesClient.dylib
0x00007fff53b8b000 	/System/Library/PrivateFrameworks/DFRFoundation.framework/Versions/A/DFRFoundation
0x00007fff71ad5000 	/usr/lib/libicucore.A.dylib
0x00007fff3805a000 	/System/Library/Frameworks/AudioToolbox.framework/Versions/A/AudioToolbox
0x00007fff3813d000 	/System/Library/Frameworks/AudioUnit.framework/Versions/A/AudioUnit
0x00007fff70e0b000 	/usr/lib/libauto.dylib
0x00007fff53c2d000 	/System/Library/PrivateFrameworks/DataDetectorsCore.framework/Versions/A/DataDetectorsCore
0x00007fff388df000 	/System/Library/Frameworks/Carbon.framework/Versions/A/Frameworks/HIToolbox.framework/Versions/A/HIToolbox
0x00007fff45798000 	/System/Library/Frameworks/QuartzCore.framework/Versions/A/QuartzCore
0x00007fff38c1e000 	/System/Library/Frameworks/Carbon.framework/Versions/A/Frameworks/SpeechRecognition.framework/Versions/A/SpeechRecognition
0x00007fff536a2000 	/System/Library/PrivateFrameworks/CoreUI.framework/Versions/A/CoreUI
0x00007fff391ad000 	/System/Library/Frameworks/CoreAudio.framework/Versions/A/CoreAudio
0x00007fff3bfd4000 	/System/Library/Frameworks/DiskArbitration.framework/Versions/A/DiskArbitration
0x00007fff60cd7000 	/System/Library/PrivateFrameworks/MultitouchSupport.framework/Versions/A/MultitouchSupport
0x00007fff7199c000 	/usr/lib/libenergytrace.dylib
0x00007fff3ca48000 	/System/Library/Frameworks/IOKit.framework/Versions/A/IOKit
0x00007fff3b041000 	/System/Library/Frameworks/CoreServices.framework/Versions/A/CoreServices
0x00007fff62e6e000 	/System/Library/PrivateFrameworks/PerformanceAnalysis.framework/Versions/A/PerformanceAnalysis
0x00007fff447cb000 	/System/Library/Frameworks/OpenGL.framework/Versions/A/OpenGL
0x00007fff38dcc000 	/System/Library/Frameworks/ColorSync.framework/Versions/A/ColorSync
0x00007fff3a75c000 	/System/Library/Frameworks/CoreImage.framework/Versions/A/CoreImage
0x00007fff3bab3000 	/System/Library/Frameworks/CoreText.framework/Versions/A/CoreText
0x00007fff3cb7e000 	/System/Library/Frameworks/ImageIO.framework/Versions/A/ImageIO
0x00007fff70eef000 	/usr/lib/libc++.1.dylib
0x00007fff70f6b000 	/usr/lib/libcompression.dylib
0x00007fff70a77000 	/usr/lib/libMobileGestalt.dylib
0x00007fff6a9a3000 	/System/Library/PrivateFrameworks/TextureIO.framework/Versions/A/TextureIO
0x00007fff70d6e000 	/usr/lib/libate.dylib
0x00007fff5ee93000 	/System/Library/PrivateFrameworks/InternationalSupport.framework/Versions/A/InternationalSupport
0x00007fff73a05000 	/usr/lib/system/libcache.dylib
0x00007fff73a0b000 	/usr/lib/system/libcommonCrypto.dylib
0x00007fff73a17000 	/usr/lib/system/libcompiler_rt.dylib
0x00007fff73a1f000 	/usr/lib/system/libcopyfile.dylib
0x00007fff73a29000 	/usr/lib/system/libcorecrypto.dylib
0x00007fff73bc8000 	/usr/lib/system/libdispatch.dylib
0x00007fff73c09000 	/usr/lib/system/libdyld.dylib
0x00007fff73c40000 	/usr/lib/system/libkeymgr.dylib
0x00007fff73c4e000 	/usr/lib/system/liblaunch.dylib
0x00007fff73c4f000 	/usr/lib/system/libmacho.dylib
0x00007fff73c55000 	/usr/lib/system/libquarantine.dylib
0x00007fff73c58000 	/usr/lib/system/libremovefile.dylib
0x00007fff73c5a000 	/usr/lib/system/libsystem_asl.dylib
0x00007fff73c72000 	/usr/lib/system/libsystem_blocks.dylib
0x00007fff73c73000 	/usr/lib/system/libsystem_c.dylib
0x00007fff73cfb000 	/usr/lib/system/libsystem_configuration.dylib
0x00007fff73cff000 	/usr/lib/system/libsystem_coreservices.dylib
0x00007fff73d03000 	/usr/lib/system/libsystem_darwin.dylib
0x00007fff73d0c000 	/usr/lib/system/libsystem_dnssd.dylib
0x00007fff73d14000 	/usr/lib/system/libsystem_featureflags.dylib
0x00007fff73d16000 	/usr/lib/system/libsystem_info.dylib
0x00007fff73d91000 	/usr/lib/system/libsystem_m.dylib
0x00007fff73dd9000 	/usr/lib/system/libsystem_malloc.dylib
0x00007fff73e01000 	/usr/lib/system/libsystem_networkextension.dylib
0x00007fff73e0f000 	/usr/lib/system/libsystem_notify.dylib
0x00007fff73e2d000 	/usr/lib/system/libsystem_sandbox.dylib
0x00007fff73e32000 	/usr/lib/system/libsystem_secinit.dylib
0x00007fff73d64000 	/usr/lib/system/libsystem_kernel.dylib
0x00007fff73e19000 	/usr/lib/system/libsystem_platform.dylib
0x00007fff73e22000 	/usr/lib/system/libsystem_pthread.dylib
0x00007fff73e35000 	/usr/lib/system/libsystem_symptoms.dylib
0x00007fff73e3d000 	/usr/lib/system/libsystem_trace.dylib
0x00007fff73e55000 	/usr/lib/system/libunwind.dylib
0x00007fff73e5b000 	/usr/lib/system/libxpc.dylib
0x00007fff70f42000 	/usr/lib/libc++abi.dylib
0x00007fff71d48000 	/usr/lib/liblzma.5.dylib
0x00007fff719c3000 	/usr/lib/libfakelink.dylib
0x00007fff70cfb000 	/usr/lib/libarchive.2.dylib
0x00007fff4764b000 	/System/Library/Frameworks/SystemConfiguration.framework/Versions/A/SystemConfiguration
0x00007fff70666000 	/usr/lib/libCRFSuite.dylib
0x00007fff384d0000 	/System/Library/Frameworks/CFNetwork.framework/Versions/A/CFNetwork
0x00007fff70ed1000 	/usr/lib/libbsm.0.dylib
0x00007fff73c41000 	/usr/lib/system/libkxld.dylib
0x00007fff4d560000 	/System/Library/PrivateFrameworks/AppleFSCompression.framework/Versions/A/AppleFSCompression
0x00007fff7125c000 	/usr/lib/libcoretls.dylib
0x00007fff71273000 	/usr/lib/libcoretls_cfhelpers.dylib
0x00007fff72aaf000 	/usr/lib/libpam.2.dylib
0x00007fff72be4000 	/usr/lib/libsqlite3.dylib
0x00007fff73023000 	/usr/lib/libxar.1.dylib
0x00007fff70ee2000 	/usr/lib/libbz2.1.0.dylib
0x00007fff719e4000 	/usr/lib/libiconv.2.dylib
0x00007fff70f58000 	/usr/lib/libcharset.1.dylib
0x00007fff7254e000 	/usr/lib/libnetwork.dylib
0x00007fff72ab6000 	/usr/lib/libpcap.A.dylib
0x00007fff70cb0000 	/usr/lib/libapple_nghttp2.dylib
0x00007fff3b3f8000 	/System/Library/Frameworks/CoreServices.framework/Versions/A/Frameworks/FSEvents.framework/Versions/A/FSEvents
0x00007fff3b0c8000 	/System/Library/Frameworks/CoreServices.framework/Versions/A/Frameworks/CarbonCore.framework/Versions/A/CarbonCore
0x00007fff3b63b000 	/System/Library/Frameworks/CoreServices.framework/Versions/A/Frameworks/Metadata.framework/Versions/A/Metadata
0x00007fff3b6d4000 	/System/Library/Frameworks/CoreServices.framework/Versions/A/Frameworks/OSServices.framework/Versions/A/OSServices
0x00007fff3b702000 	/System/Library/Frameworks/CoreServices.framework/Versions/A/Frameworks/SearchKit.framework/Versions/A/SearchKit
0x00007fff3b042000 	/System/Library/Frameworks/CoreServices.framework/Versions/A/Frameworks/AE.framework/Versions/A/AE
0x00007fff3b401000 	/System/Library/Frameworks/CoreServices.framework/Versions/A/Frameworks/LaunchServices.framework/Versions/A/LaunchServices
0x00007fff3b3aa000 	/System/Library/Frameworks/CoreServices.framework/Versions/A/Frameworks/DictionaryServices.framework/Versions/A/DictionaryServices
0x00007fff3b76a000 	/System/Library/Frameworks/CoreServices.framework/Versions/A/Frameworks/SharedFileList.framework/Versions/A/SharedFileList
0x00007fff405eb000 	/System/Library/Frameworks/NetFS.framework/Versions/A/NetFS
0x00007fff61206000 	/System/Library/PrivateFrameworks/NetAuth.framework/Versions/A/NetAuth
0x00007fff6db4b000 	/System/Library/PrivateFrameworks/login.framework/Versions/A/Frameworks/loginsupport.framework/Versions/A/loginsupport
0x00007fff6a470000 	/System/Library/PrivateFrameworks/TCC.framework/Versions/A/TCC
0x00007fff5213d000 	/System/Library/PrivateFrameworks/CoreNLP.framework/Versions/A/CoreNLP
0x00007fff60705000 	/System/Library/PrivateFrameworks/MetadataUtilities.framework/Versions/A/MetadataUtilities
0x00007fff71e20000 	/usr/lib/libmecabra.dylib
0x00007fff71d78000 	/usr/lib/libmecab.dylib
0x00007fff719d4000 	/usr/lib/libgermantok.dylib
0x00007fff70c97000 	/usr/lib/libThaiTokenizer.dylib
0x00007fff7069d000 	/usr/lib/libChineseTokenizer.dylib
0x00007fff35905000 	/System/Library/Frameworks/Accelerate.framework/Versions/A/Frameworks/vImage.framework/Versions/A/vImage
0x00007fff36d6f000 	/System/Library/Frameworks/Accelerate.framework/Versions/A/Frameworks/vecLib.framework/Versions/A/vecLib
0x00007fff36cac000 	/System/Library/Frameworks/Accelerate.framework/Versions/A/Frameworks/vecLib.framework/Versions/A/libvMisc.dylib
0x00007fff36ad4000 	/System/Library/Frameworks/Accelerate.framework/Versions/A/Frameworks/vecLib.framework/Versions/A/libvDSP.dylib
0x00007fff35f5c000 	/System/Library/Frameworks/Accelerate.framework/Versions/A/Frameworks/vecLib.framework/Versions/A/libBLAS.dylib
0x00007fff36698000 	/System/Library/Frameworks/Accelerate.framework/Versions/A/Frameworks/vecLib.framework/Versions/A/libLAPACK.dylib
0x00007fff36a34000 	/System/Library/Frameworks/Accelerate.framework/Versions/A/Frameworks/vecLib.framework/Versions/A/libLinearAlgebra.dylib
0x00007fff36ac1000 	/System/Library/Frameworks/Accelerate.framework/Versions/A/Frameworks/vecLib.framework/Versions/A/libSparseBLAS.dylib
0x00007fff36a4a000 	/System/Library/Frameworks/Accelerate.framework/Versions/A/Frameworks/vecLib.framework/Versions/A/libQuadrature.dylib
0x00007fff361c4000 	/System/Library/Frameworks/Accelerate.framework/Versions/A/Frameworks/vecLib.framework/Versions/A/libBNNS.dylib
0x00007fff36a50000 	/System/Library/Frameworks/Accelerate.framework/Versions/A/Frameworks/vecLib.framework/Versions/A/libSparse.dylib
0x00007fff5f27b000 	/System/Library/PrivateFrameworks/LanguageModeling.framework/Versions/A/LanguageModeling
0x00007fff51aed000 	/System/Library/PrivateFrameworks/CoreEmoji.framework/Versions/A/CoreEmoji
0x00007fff5f399000 	/System/Library/PrivateFrameworks/LinguisticData.framework/Versions/A/LinguisticData
0x00007fff5f34a000 	/System/Library/PrivateFrameworks/Lexicon.framework/Versions/A/Lexicon
0x00007fff70f59000 	/usr/lib/libcmph.dylib
0x00007fff431d9000 	/System/Library/Frameworks/OpenDirectory.framework/Versions/A/Frameworks/CFOpenDirectory.framework/Versions/A/CFOpenDirectory
0x00007fff431f6000 	/System/Library/Frameworks/OpenDirectory.framework/Versions/A/OpenDirectory
0x00007fff4b616000 	/System/Library/PrivateFrameworks/APFS.framework/Versions/A/APFS
0x00007fff468e5000 	/System/Library/Frameworks/SecurityFoundation.framework/Versions/A/SecurityFoundation
0x00007fff7301f000 	/usr/lib/libutil.dylib
0x00007fff53022000 	/System/Library/PrivateFrameworks/CoreServicesStore.framework/Versions/A/CoreServicesStore
0x00007fff4699c000 	/System/Library/Frameworks/ServiceManagement.framework/Versions/A/ServiceManagement
0x00007fff4ed2e000 	/System/Library/PrivateFrameworks/BackgroundTaskManagement.framework/Versions/A/BackgroundTaskManagement
0x00007fff7311c000 	/usr/lib/libxslt.1.dylib
0x00007fff4dbd2000 	/System/Library/PrivateFrameworks/AppleSystemInfo.framework/Versions/A/AppleSystemInfo
0x00007fff3cd99000 	/System/Library/Frameworks/ImageIO.framework/Versions/A/Resources/libJPEG.dylib
0x00007fff3d055000 	/System/Library/Frameworks/ImageIO.framework/Versions/A/Resources/libTIFF.dylib
0x00007fff3d038000 	/System/Library/Frameworks/ImageIO.framework/Versions/A/Resources/libPng.dylib
0x00007fff3ccdb000 	/System/Library/Frameworks/ImageIO.framework/Versions/A/Resources/libGIF.dylib
0x00007fff3ccdf000 	/System/Library/Frameworks/ImageIO.framework/Versions/A/Resources/libJP2.dylib
0x00007fff3d053000 	/System/Library/Frameworks/ImageIO.framework/Versions/A/Resources/libRadiance.dylib
0x00007fff7199d000 	/usr/lib/libexpat.1.dylib
0x00007fff4d6bb000 	/System/Library/PrivateFrameworks/AppleJPEG.framework/Versions/A/AppleJPEG
0x00007fff562fd000 	/System/Library/PrivateFrameworks/FontServices.framework/libFontParser.dylib
0x00007fff6cb51000 	/System/Library/PrivateFrameworks/WatchdogClient.framework/Versions/A/WatchdogClient
0x00007fff5e8d7000 	/System/Library/PrivateFrameworks/IOAccelerator.framework/Versions/A/IOAccelerator
0x00007fff3f563000 	/System/Library/Frameworks/MetalPerformanceShaders.framework/Versions/A/MetalPerformanceShaders
0x00007fff5b070000 	/System/Library/PrivateFrameworks/GPUWrangler.framework/Versions/A/GPUWrangler
0x00007fff5e8ec000 	/System/Library/PrivateFrameworks/IOPresentment.framework/Versions/A/IOPresentment
0x00007fff53b9e000 	/System/Library/PrivateFrameworks/DSExternalDisplay.framework/Versions/A/DSExternalDisplay
0x00007fff43b6a000 	/System/Library/Frameworks/OpenGL.framework/Versions/A/Libraries/libCoreFSCache.dylib
0x00007fff3f2af000 	/System/Library/Frameworks/MetalPerformanceShaders.framework/Frameworks/MPSCore.framework/Versions/A/MPSCore
0x00007fff3f2ed000 	/System/Library/Frameworks/MetalPerformanceShaders.framework/Frameworks/MPSImage.framework/Versions/A/MPSImage
0x00007fff3f3b4000 	/System/Library/Frameworks/MetalPerformanceShaders.framework/Frameworks/MPSNeuralNetwork.framework/Versions/A/MPSNeuralNetwork
0x00007fff3f378000 	/System/Library/Frameworks/MetalPerformanceShaders.framework/Frameworks/MPSMatrix.framework/Versions/A/MPSMatrix
0x00007fff3f513000 	/System/Library/Frameworks/MetalPerformanceShaders.framework/Frameworks/MPSRayIntersector.framework/Versions/A/MPSRayIntersector
0x00007fff3f39e000 	/System/Library/Frameworks/MetalPerformanceShaders.framework/Frameworks/MPSNDArray.framework/Versions/A/MPSNDArray
0x00007fff60752000 	/System/Library/PrivateFrameworks/MetalTools.framework/Versions/A/MetalTools
0x00007fff4c7e8000 	/System/Library/PrivateFrameworks/AggregateDictionary.framework/Versions/A/AggregateDictionary
0x00007fff51547000 	/System/Library/PrivateFrameworks/CoreAnalytics.framework/Versions/A/CoreAnalytics
0x00007fff4daf1000 	/System/Library/PrivateFrameworks/AppleSauce.framework/Versions/A/AppleSauce
0x00007fff70959000 	/usr/lib/libIOReport.dylib
0x00007fff3bc6b000 	/System/Library/Frameworks/CoreVideo.framework/Versions/A/CoreVideo
0x00007fff5c4ea000 	/System/Library/PrivateFrameworks/GraphVisualizer.framework/Versions/A/GraphVisualizer
0x00007fff55851000 	/System/Library/PrivateFrameworks/FaceCore.framework/Versions/A/FaceCore
0x00007fff43180000 	/System/Library/Frameworks/OpenCL.framework/Versions/A/OpenCL
0x00007fff7077b000 	/usr/lib/libFosl_dynamic.dylib
0x00007fff61c1b000 	/System/Library/PrivateFrameworks/OTSVG.framework/Versions/A/OTSVG
0x00007fff37e2d000 	/System/Library/Frameworks/ApplicationServices.framework/Versions/A/Frameworks/ATS.framework/Versions/A/Resources/libFontRegistry.dylib
0x00007fff564ce000 	/System/Library/PrivateFrameworks/FontServices.framework/libhvf.dylib
0x00007fff43b75000 	/System/Library/Frameworks/OpenGL.framework/Versions/A/Libraries/libGFXShared.dylib
0x00007fff43d53000 	/System/Library/Frameworks/OpenGL.framework/Versions/A/Libraries/libGLU.dylib
0x00007fff43b7e000 	/System/Library/Frameworks/OpenGL.framework/Versions/A/Libraries/libGL.dylib
0x00007fff43b89000 	/System/Library/Frameworks/OpenGL.framework/Versions/A/Libraries/libGLImage.dylib
0x00007fff43b67000 	/System/Library/Frameworks/OpenGL.framework/Versions/A/Libraries/libCVMSPluginSupport.dylib
0x00007fff43b70000 	/System/Library/Frameworks/OpenGL.framework/Versions/A/Libraries/libCoreVMClient.dylib
0x00007fff723ef000 	/usr/lib/libncurses.5.4.dylib
0x00007fff37d29000 	/System/Library/Frameworks/ApplicationServices.framework/Versions/A/Frameworks/ATS.framework/Versions/A/ATS
0x00007fff37ef6000 	/System/Library/Frameworks/ApplicationServices.framework/Versions/A/Frameworks/ColorSyncLegacy.framework/Versions/A/ColorSyncLegacy
0x00007fff37f94000 	/System/Library/Frameworks/ApplicationServices.framework/Versions/A/Frameworks/HIServices.framework/Versions/A/HIServices
0x00007fff37fec000 	/System/Library/Frameworks/ApplicationServices.framework/Versions/A/Frameworks/LangAnalysis.framework/Versions/A/LangAnalysis
0x00007fff37ffb000 	/System/Library/Frameworks/ApplicationServices.framework/Versions/A/Frameworks/PrintCore.framework/Versions/A/PrintCore
0x00007fff38041000 	/System/Library/Frameworks/ApplicationServices.framework/Versions/A/Frameworks/QD.framework/Versions/A/QD
0x00007fff3804c000 	/System/Library/Frameworks/ApplicationServices.framework/Versions/A/Frameworks/SpeechSynthesis.framework/Versions/A/SpeechSynthesis
0x00007fff37ec6000 	/System/Library/Frameworks/ApplicationServices.framework/Versions/A/Frameworks/ATSUI.framework/Versions/A/ATSUI
0x00007fff71831000 	/usr/lib/libcups.2.dylib
0x00007fff3e600000 	/System/Library/Frameworks/Kerberos.framework/Versions/A/Kerberos
0x00007fff3c741000 	/System/Library/Frameworks/GSS.framework/Versions/A/GSS
0x00007fff72b70000 	/usr/lib/libresolv.9.dylib
0x00007fff5c698000 	/System/Library/PrivateFrameworks/Heimdal.framework/Versions/A/Heimdal
0x00007fff3e613000 	/System/Library/Frameworks/Kerberos.framework/Versions/A/Libraries/libHeimdalProxy.dylib
0x00007fff719da000 	/usr/lib/libheimdal-asn1.dylib
0x00007fff509e0000 	/System/Library/PrivateFrameworks/CommonAuth.framework/Versions/A/CommonAuth
0x00007fff4dc6f000 	/System/Library/PrivateFrameworks/AssertionServices.framework/Versions/A/AssertionServices
0x00007fff4e811000 	/System/Library/PrivateFrameworks/AudioToolboxCore.framework/Versions/A/AudioToolboxCore
0x00007fff6d7fb000 	/System/Library/PrivateFrameworks/caulk.framework/Versions/A/caulk
0x00007fff4edda000 	/System/Library/PrivateFrameworks/BaseBoard.framework/Versions/A/BaseBoard
0x00007fff65e66000 	/System/Library/PrivateFrameworks/RunningBoardServices.framework/Versions/A/RunningBoardServices
0x00007fff62e7a000 	/System/Library/PrivateFrameworks/PersistentConnection.framework/Versions/A/PersistentConnection
0x00007fff65860000 	/System/Library/PrivateFrameworks/ProtocolBuffer.framework/Versions/A/ProtocolBuffer
0x00007fff50a04000 	/System/Library/PrivateFrameworks/CommonUtilities.framework/Versions/A/CommonUtilities
0x00007fff4ef68000 	/System/Library/PrivateFrameworks/Bom.framework/Versions/A/Bom
0x00007fff7062c000 	/usr/lib/libAudioToolboxUtility.dylib
0x00007fff4ed38000 	/System/Library/PrivateFrameworks/Backup.framework/Versions/A/Backup
0x00007fff53abf000 	/System/Library/PrivateFrameworks/CrashReporterSupport.framework/Versions/A/CrashReporterSupport
0x00007fff678f4000 	/System/Library/PrivateFrameworks/Sharing.framework/Versions/A/Sharing
0x00007fff4d27e000 	/System/Library/PrivateFrameworks/Apple80211.framework/Versions/A/Apple80211
0x00007fff4ea55000 	/System/Library/PrivateFrameworks/AuthKit.framework/Versions/A/AuthKit
0x00007fff537cf000 	/System/Library/PrivateFrameworks/CoreUtils.framework/Versions/A/CoreUtils
0x00007fff3bcb0000 	/System/Library/Frameworks/CoreWLAN.framework/Versions/A/CoreWLAN
0x00007fff3c8ce000 	/System/Library/Frameworks/IOBluetooth.framework/Versions/A/IOBluetooth
0x00007fff60a56000 	/System/Library/PrivateFrameworks/MobileKeyBag.framework/Versions/A/MobileKeyBag
0x00007fff525d5000 	/System/Library/PrivateFrameworks/CorePhoneNumbers.framework/Versions/A/CorePhoneNumbers
0x00007fff4d66e000 	/System/Library/PrivateFrameworks/AppleIDAuthSupport.framework/Versions/A/AppleIDAuthSupport
0x00007fff405f8000 	/System/Library/Frameworks/Network.framework/Versions/A/Network
0x00007fff5f127000 	/System/Library/PrivateFrameworks/KeychainCircle.framework/Versions/A/KeychainCircle
0x00007fff39709000 	/System/Library/Frameworks/CoreBluetooth.framework/Versions/A/CoreBluetooth
0x00007fff69971000 	/System/Library/PrivateFrameworks/SpeechRecognitionCore.framework/Versions/A/SpeechRecognitionCore
0x00007fff2ccb2000 	/System/Library/CoreServices/Encodings/libSimplifiedChineseConverter.dylib
0x0000000111600000 	/Library/Java/JavaVirtualMachines/jdk1.8.0_201.jdk/Contents/Home/jre/lib/server/libjvm.dylib
0x00007fff72ef2000 	/usr/lib/libstdc++.6.dylib
0x00000001125b9000 	/Library/Java/JavaVirtualMachines/jdk1.8.0_201.jdk/Contents/Home/jre/lib/libverify.dylib
0x00000001125c7000 	/Library/Java/JavaVirtualMachines/jdk1.8.0_201.jdk/Contents/Home/jre/lib/libjava.dylib
0x00000001125fd000 	/Library/Java/JavaVirtualMachines/jdk1.8.0_201.jdk/Contents/Home/jre/lib/libinstrument.dylib
0x0000000112699000 	/Library/Java/JavaVirtualMachines/jdk1.8.0_201.jdk/Contents/Home/jre/lib/libzip.dylib
0x00000001174a0000 	/Library/Java/JavaVirtualMachines/jdk1.8.0_201.jdk/Contents/Home/jre/lib/libnet.dylib

VM Arguments:
jvm_args: -Xms2m -Xmx2m -XX:+HeapDumpOnOutOfMemoryError -XX:+HeapDumpBeforeFullGC -XX:+HeapDumpAfterFullGC -javaagent:/Applications/IntelliJ IDEA.app/Contents/lib/idea_rt.jar=60815:/Applications/IntelliJ IDEA.app/Contents/bin -Dfile.encoding=UTF-8 
java_command: com.wy.jvm.daily.DumpTest
java_class_path (initial): /Library/Java/JavaVirtualMachines/jdk1.8.0_201.jdk/Contents/Home/jre/lib/charsets.jar:/Library/Java/JavaVirtualMachines/jdk1.8.0_201.jdk/Contents/Home/jre/lib/deploy.jar:/Library/Java/JavaVirtualMachines/jdk1.8.0_201.jdk/Contents/Home/jre/lib/ext/cldrdata.jar:/Library/Java/JavaVirtualMachines/jdk1.8.0_201.jdk/Contents/Home/jre/lib/ext/dnsns.jar:/Library/Java/JavaVirtualMachines/jdk1.8.0_201.jdk/Contents/Home/jre/lib/ext/jaccess.jar:/Library/Java/JavaVirtualMachines/jdk1.8.0_201.jdk/Contents/Home/jre/lib/ext/jfxrt.jar:/Library/Java/JavaVirtualMachines/jdk1.8.0_201.jdk/Contents/Home/jre/lib/ext/localedata.jar:/Library/Java/JavaVirtualMachines/jdk1.8.0_201.jdk/Contents/Home/jre/lib/ext/nashorn.jar:/Library/Java/JavaVirtualMachines/jdk1.8.0_201.jdk/Contents/Home/jre/lib/ext/sunec.jar:/Library/Java/JavaVirtualMachines/jdk1.8.0_201.jdk/Contents/Home/jre/lib/ext/sunjce_provider.jar:/Library/Java/JavaVirtualMachines/jdk1.8.0_201.jdk/Contents/Home/jre/lib/ext/sunpkcs11.jar:/Library/Java/JavaVirtualMachines/jdk1.8.0_201.jdk/Contents/Home/jre/lib/ext/zipfs.jar:/Library/Java/JavaVirtualMachines/jdk1.8.0_201.jdk/Contents/Home/jre/lib/javaws.jar:/Library/Java/JavaVirtualMachines/jdk1.8.0_201.jdk/Contents/Home/jre/lib/jce.jar:/Library/Java/JavaVirtualMachines/jdk1.8.0_201.jdk/Contents/Home/jre/lib/jfr.jar:/Library/Java/JavaVirtualMachines/jdk1.8.0_201.jdk/Contents/Home/jre/lib/jfxswt.jar:/Library/Java/JavaVirtualMachines/jdk1.8.0_201.jdk/Contents/Home/jre/lib/jsse.jar:/Library/Java/JavaVirtualMachines/jdk1.8.0_201.jdk/Contents/Home/jre/lib/management-agent.jar:/Library/Java/JavaVirtualMachines/jdk1.8.0_201.jdk/Contents/Home/jre/lib/plugin.jar:/Library/Java/JavaVirtualMachines/jdk1.8.0_201.jdk/Contents/Home/jre/lib/resources.jar:/Library/Java/JavaVirtualMachines/jdk1.8.0_201.jdk/Contents/Home/jre/lib/rt.jar:/Library/Java/JavaVirtualMachines/jdk1.8.0_201.jdk/Contents/Home/lib/ant-javafx.jar:/Library/Java/JavaVirtualMachines/jdk1.8.0_201.jdk/Contents/Home
Launcher Type: SUN_STANDARD

Environment Variables:
PATH=/Users/wy/anaconda3/bin:/Users/wy/anaconda3/condabin:/Library/Frameworks/Python.framework/Versions/3.7/bin:/usr/local/bin:/usr/bin:/bin:/usr/sbin:/sbin:/usr/local/go/bin:/usr/local/mysql/bin:/Users/wy/App/apache-maven/bin
SHELL=/bin/zsh

Signal Handlers:
SIGSEGV: [libjvm.dylib+0x5b723d], sa_mask[0]=11111111011111110111111111111111, sa_flags=SA_ONSTACK|SA_RESTART|SA_SIGINFO
SIGBUS: [libjvm.dylib+0x5b723d], sa_mask[0]=11111111011111110111111111111111, sa_flags=SA_RESTART|SA_SIGINFO
SIGFPE: [libjvm.dylib+0x48c9bc], sa_mask[0]=11111111011111110111111111111111, sa_flags=SA_RESTART|SA_SIGINFO
SIGPIPE: [libjvm.dylib+0x48c9bc], sa_mask[0]=11111111011111110111111111111111, sa_flags=SA_RESTART|SA_SIGINFO
SIGXFSZ: [libjvm.dylib+0x48c9bc], sa_mask[0]=11111111011111110111111111111111, sa_flags=SA_RESTART|SA_SIGINFO
SIGILL: [libjvm.dylib+0x48c9bc], sa_mask[0]=11111111011111110111111111111111, sa_flags=SA_RESTART|SA_SIGINFO
SIGUSR1: SIG_DFL, sa_mask[0]=00000000000000000000000000000000, sa_flags=none
SIGUSR2: [libjvm.dylib+0x48c4da], sa_mask[0]=00100000000000000000000000000000, sa_flags=SA_RESTART|SA_SIGINFO
SIGHUP: [libjvm.dylib+0x48aa65], sa_mask[0]=11111111011111110111111111111111, sa_flags=SA_RESTART|SA_SIGINFO
SIGINT: [libjvm.dylib+0x48aa65], sa_mask[0]=11111111011111110111111111111111, sa_flags=SA_RESTART|SA_SIGINFO
SIGTERM: [libjvm.dylib+0x48aa65], sa_mask[0]=11111111011111110111111111111111, sa_flags=SA_RESTART|SA_SIGINFO
SIGQUIT: [libjvm.dylib+0x48aa65], sa_mask[0]=11111111011111110111111111111111, sa_flags=SA_RESTART|SA_SIGINFO


---------------  S Y S T E M  ---------------

OS:Bsduname:Darwin 19.4.0 Darwin Kernel Version 19.4.0: Wed Mar  4 22:28:40 PST 2020; root:xnu-6153.101.6~15/RELEASE_X86_64 x86_64
rlimit: STACK 8192k, CORE 0k, NPROC 2784, NOFILE 10240, AS infinity
load average:1.75 1.44 1.48

CPU:total 12 (initial active 12) (6 cores per cpu, 2 threads per core) family 6 model 158 stepping 10, cmov, cx8, fxsr, mmx, sse, sse2, sse3, ssse3, sse4.1, sse4.2, popcnt, avx, avx2, aes, clmul, erms, 3dnowpref, lzcnt, ht, tsc, tscinvbit, bmi1, bmi2, adx

Memory: 4k page, physical 16777216k(201820k free)

/proc/meminfo:


vm_info: Java HotSpot(TM) 64-Bit Server VM (25.201-b09) for bsd-amd64 JRE (1.8.0_201-b09), built on Dec 15 2018 18:35:23 by "java_re" with gcc 4.2.1 (Based on Apple Inc. build 5658) (LLVM build 2336.11.00)

time: Wed May  6 17:27:57 2020
timezone: CST
elapsed time: 0 seconds (0d 0h 0m 0s)

